<?xml version="1.0" encoding="UTF-8" standalone="no"?>
<<<<<<< Updated upstream
<<<<<<< HEAD
<testsuite errors="0" failures="2" name="io.cucumber.core.plugin.JUnitFormatter" skipped="0" tests="2" time="17.349">
<testcase classname="US_04 Login page feature" name="TC_01 users enters valid credentials positive" time="16.404">
<failure message="no such window: target window already closed&#10;from unknown error: web view not found&#10;  (Session info: chrome=86.0.4240.198)&#10;Build info: version: '3.141.59', revision: 'e82be7d358', time: '2018-11-14T08:17:03'&#10;System info: host: 'DESKTOP-P0R6VB1', ip: '192.168.1.68', os.name: 'Windows 10', os.arch: 'amd64', os.version: '10.0', java.version: '1.8.0_231'&#10;Driver info: org.openqa.selenium.chrome.ChromeDriver&#10;Capabilities {acceptInsecureCerts: false, browserName: chrome, browserVersion: 86.0.4240.198, chrome: {chromedriverVersion: 86.0.4240.22 (398b0743353ff..., userDataDir: C:\Users\user\AppData\Local...}, goog:chromeOptions: {debuggerAddress: localhost:62213}, javascriptEnabled: true, networkConnectionEnabled: false, pageLoadStrategy: normal, platform: WINDOWS, platformName: WINDOWS, proxy: Proxy(), setWindowRect: true, strictFileInteractability: false, timeouts: {implicit: 0, pageLoad: 300000, script: 30000}, unhandledPromptBehavior: dismiss and notify, webauthn:virtualAuthenticators: true}&#10;Session ID: be27ca7e31efa67e157ef9bcc0c683a9&#10;*** Element info: {Using=id, value=account-menu}" type="org.openqa.selenium.NoSuchWindowException"><![CDATA[Given user on the login page................................................passed
And mouse go to dropDown....................................................failed
And mouse click on the signInText...........................................skipped
And user enters username and password.......................................skipped
When click on the signIn button.............................................skipped
Then user sees the success message..........................................skipped

StackTrace:
org.openqa.selenium.NoSuchWindowException: no such window: target window already closed
from unknown error: web view not found
  (Session info: chrome=86.0.4240.198)
Build info: version: '3.141.59', revision: 'e82be7d358', time: '2018-11-14T08:17:03'
System info: host: 'DESKTOP-P0R6VB1', ip: '192.168.1.68', os.name: 'Windows 10', os.arch: 'amd64', os.version: '10.0', java.version: '1.8.0_231'
Driver info: org.openqa.selenium.chrome.ChromeDriver
Capabilities {acceptInsecureCerts: false, browserName: chrome, browserVersion: 86.0.4240.198, chrome: {chromedriverVersion: 86.0.4240.22 (398b0743353ff..., userDataDir: C:\Users\user\AppData\Local...}, goog:chromeOptions: {debuggerAddress: localhost:62213}, javascriptEnabled: true, networkConnectionEnabled: false, pageLoadStrategy: normal, platform: WINDOWS, platformName: WINDOWS, proxy: Proxy(), setWindowRect: true, strictFileInteractability: false, timeouts: {implicit: 0, pageLoad: 300000, script: 30000}, unhandledPromptBehavior: dismiss and notify, webauthn:virtualAuthenticators: true}
Session ID: be27ca7e31efa67e157ef9bcc0c683a9
*** Element info: {Using=id, value=account-menu}
	at sun.reflect.NativeConstructorAccessorImpl.newInstance0(Native Method)
	at sun.reflect.NativeConstructorAccessorImpl.newInstance(NativeConstructorAccessorImpl.java:62)
	at sun.reflect.DelegatingConstructorAccessorImpl.newInstance(DelegatingConstructorAccessorImpl.java:45)
	at java.lang.reflect.Constructor.newInstance(Constructor.java:423)
	at org.openqa.selenium.remote.http.W3CHttpResponseCodec.createException(W3CHttpResponseCodec.java:187)
	at org.openqa.selenium.remote.http.W3CHttpResponseCodec.decode(W3CHttpResponseCodec.java:122)
	at org.openqa.selenium.remote.http.W3CHttpResponseCodec.decode(W3CHttpResponseCodec.java:49)
	at org.openqa.selenium.remote.HttpCommandExecutor.execute(HttpCommandExecutor.java:158)
	at org.openqa.selenium.remote.service.DriverCommandExecutor.execute(DriverCommandExecutor.java:83)
	at org.openqa.selenium.remote.RemoteWebDriver.execute(RemoteWebDriver.java:552)
	at org.openqa.selenium.remote.RemoteWebDriver.findElement(RemoteWebDriver.java:323)
	at org.openqa.selenium.remote.RemoteWebDriver.findElementById(RemoteWebDriver.java:372)
	at org.openqa.selenium.By$ById.findElement(By.java:188)
	at org.openqa.selenium.remote.RemoteWebDriver.findElement(RemoteWebDriver.java:315)
	at org.openqa.selenium.support.pagefactory.DefaultElementLocator.findElement(DefaultElementLocator.java:69)
	at org.openqa.selenium.support.pagefactory.internal.LocatingElementHandler.invoke(LocatingElementHandler.java:38)
	at com.sun.proxy.$Proxy15.click(Unknown Source)
	at gmibank.stepdefinitions.US04_LoginPositiveStep.mouse_go_to_dropDown(US04_LoginPositiveStep.java:19)
	at ✽.mouse go to dropDown(file:///C:/Users/user/IdeaProjects/GMIBankProject_002/src/test/resources/features/loginValidAccess.feature:6)
]]></failure>
</testcase>
<testcase classname="US_04 Login page feature" name="TC_02 Login users for GMI Bank" time="0.027">
<failure message="Failed to instantiate class gmibank.stepdefinitions.US04_LoginPositiveStep" type="io.cucumber.core.exception.CucumberException"><![CDATA[Given user on the login page................................................failed
And mouse go to dropDown....................................................skipped
And mouse click on the signInText...........................................skipped
Then user verifies that the option the cancel...............................skipped

StackTrace:
io.cucumber.core.exception.CucumberException: Failed to instantiate class gmibank.stepdefinitions.US04_LoginPositiveStep
	at io.cucumber.core.runtime.ObjectFactoryServiceLoader$DefaultJavaObjectFactory.cacheNewInstance(ObjectFactoryServiceLoader.java:135)
	at io.cucumber.core.runtime.ObjectFactoryServiceLoader$DefaultJavaObjectFactory.getInstance(ObjectFactoryServiceLoader.java:121)
	at io.cucumber.java.JavaStepDefinition.execute(JavaStepDefinition.java:27)
	at io.cucumber.core.runner.PickleStepDefinitionMatch.runStep(PickleStepDefinitionMatch.java:63)
	at io.cucumber.core.runner.TestStep.executeStep(TestStep.java:64)
	at io.cucumber.core.runner.TestStep.run(TestStep.java:49)
	at io.cucumber.core.runner.PickleStepTestStep.run(PickleStepTestStep.java:46)
	at io.cucumber.core.runner.TestCase.run(TestCase.java:51)
	at io.cucumber.core.runner.Runner.runPickle(Runner.java:67)
	at io.cucumber.junit.PickleRunners$NoStepDescriptions.run(PickleRunners.java:149)
	at io.cucumber.junit.FeatureRunner.runChild(FeatureRunner.java:83)
	at io.cucumber.junit.FeatureRunner.runChild(FeatureRunner.java:24)
	at org.junit.runners.ParentRunner$4.run(ParentRunner.java:331)
	at org.junit.runners.ParentRunner$1.schedule(ParentRunner.java:79)
	at org.junit.runners.ParentRunner.runChildren(ParentRunner.java:329)
	at org.junit.runners.ParentRunner.access$100(ParentRunner.java:66)
	at org.junit.runners.ParentRunner$2.evaluate(ParentRunner.java:293)
	at org.junit.runners.ParentRunner$3.evaluate(ParentRunner.java:306)
	at org.junit.runners.ParentRunner.run(ParentRunner.java:413)
	at io.cucumber.junit.Cucumber.runChild(Cucumber.java:185)
	at io.cucumber.junit.Cucumber.runChild(Cucumber.java:83)
	at org.junit.runners.ParentRunner$4.run(ParentRunner.java:331)
	at org.junit.runners.ParentRunner$1.schedule(ParentRunner.java:79)
	at org.junit.runners.ParentRunner.runChildren(ParentRunner.java:329)
	at org.junit.runners.ParentRunner.access$100(ParentRunner.java:66)
	at org.junit.runners.ParentRunner$2.evaluate(ParentRunner.java:293)
	at io.cucumber.junit.Cucumber$RunCucumber.evaluate(Cucumber.java:219)
	at org.junit.runners.ParentRunner$3.evaluate(ParentRunner.java:306)
	at org.junit.runners.ParentRunner.run(ParentRunner.java:413)
	at org.junit.runner.JUnitCore.run(JUnitCore.java:137)
	at com.intellij.junit4.JUnit4IdeaTestRunner.startRunnerWithArgs(JUnit4IdeaTestRunner.java:68)
	at com.intellij.rt.junit.IdeaTestRunner$Repeater.startRunnerWithArgs(IdeaTestRunner.java:33)
	at com.intellij.rt.junit.JUnitStarter.prepareStreamsAndStart(JUnitStarter.java:230)
	at com.intellij.rt.junit.JUnitStarter.main(JUnitStarter.java:58)
Caused by: java.lang.reflect.InvocationTargetException
	at sun.reflect.NativeConstructorAccessorImpl.newInstance0(Native Method)
	at sun.reflect.NativeConstructorAccessorImpl.newInstance(NativeConstructorAccessorImpl.java:62)
	at sun.reflect.DelegatingConstructorAccessorImpl.newInstance(DelegatingConstructorAccessorImpl.java:45)
	at java.lang.reflect.Constructor.newInstance(Constructor.java:423)
	at io.cucumber.core.runtime.ObjectFactoryServiceLoader$DefaultJavaObjectFactory.cacheNewInstance(ObjectFactoryServiceLoader.java:129)
	... 33 more
Caused by: org.openqa.selenium.NoSuchWindowException: no such window: target window already closed
from unknown error: web view not found
  (Session info: chrome=86.0.4240.198)
Build info: version: '3.141.59', revision: 'e82be7d358', time: '2018-11-14T08:17:03'
System info: host: 'DESKTOP-P0R6VB1', ip: '192.168.1.68', os.name: 'Windows 10', os.arch: 'amd64', os.version: '10.0', java.version: '1.8.0_231'
Driver info: org.openqa.selenium.chrome.ChromeDriver
Capabilities {acceptInsecureCerts: false, browserName: chrome, browserVersion: 86.0.4240.198, chrome: {chromedriverVersion: 86.0.4240.22 (398b0743353ff..., userDataDir: C:\Users\user\AppData\Local...}, goog:chromeOptions: {debuggerAddress: localhost:62213}, javascriptEnabled: true, networkConnectionEnabled: false, pageLoadStrategy: normal, platform: WINDOWS, platformName: WINDOWS, proxy: Proxy(), setWindowRect: true, strictFileInteractability: false, timeouts: {implicit: 0, pageLoad: 300000, script: 30000}, unhandledPromptBehavior: dismiss and notify, webauthn:virtualAuthenticators: true}
Session ID: be27ca7e31efa67e157ef9bcc0c683a9
	at sun.reflect.NativeConstructorAccessorImpl.newInstance0(Native Method)
	at sun.reflect.NativeConstructorAccessorImpl.newInstance(NativeConstructorAccessorImpl.java:62)
	at sun.reflect.DelegatingConstructorAccessorImpl.newInstance(DelegatingConstructorAccessorImpl.java:45)
	at java.lang.reflect.Constructor.newInstance(Constructor.java:423)
	at org.openqa.selenium.remote.http.W3CHttpResponseCodec.createException(W3CHttpResponseCodec.java:187)
	at org.openqa.selenium.remote.http.W3CHttpResponseCodec.decode(W3CHttpResponseCodec.java:122)
	at org.openqa.selenium.remote.http.W3CHttpResponseCodec.decode(W3CHttpResponseCodec.java:49)
	at org.openqa.selenium.remote.HttpCommandExecutor.execute(HttpCommandExecutor.java:158)
	at org.openqa.selenium.remote.service.DriverCommandExecutor.execute(DriverCommandExecutor.java:83)
	at org.openqa.selenium.remote.RemoteWebDriver.execute(RemoteWebDriver.java:552)
	at org.openqa.selenium.remote.RemoteWebDriver.execute(RemoteWebDriver.java:609)
	at org.openqa.selenium.remote.RemoteWebDriver$RemoteWebDriverOptions$RemoteWindow.maximize(RemoteWebDriver.java:837)
	at gmibank.utilities.Driver.getDriver(Driver.java:59)
	at gmibank.pages.LoginPage.<init>(LoginPage.java:11)
	at gmibank.stepdefinitions.US04_LoginPositiveStep.<init>(US04_LoginPositiveStep.java:13)
	... 38 more
]]></failure>
=======
<<<<<<< HEAD
<testsuite errors="0" failures="0" name="io.cucumber.core.plugin.JUnitFormatter" skipped="0" tests="3" time="57.341">
<testcase classname="US_002 Create Regester" name="TC_01 User should not see the success message when don't typing address" time="37.242">
<system-out><![CDATA[Given Go to registration page "http://gmibank.com/account/register".........passed
And Type a valid SSN "876-62-9758"..........................................passed
And Type firstname "Sami"...................................................passed
And Type  lastname "Kacmaz".................................................passed
And Do not enter anything in address box....................................passed
And Type valid mobile phone number "444-666-7777"...........................passed
And Type username "Samibulur"...............................................passed
And Type  email "sami@gmail.com"............................................passed
And Type valid password "Sami.25"...........................................passed
And Type valid  password confirmation "Sami.25".............................passed
And Click register button...................................................passed
Then Verify the user register is not success................................passed
]]></system-out>
</testcase>
<testcase classname="US_002 Create Regester" name="TC_02 User should not see the success message when don't typing mobile phone number" time="9.911">
<system-out><![CDATA[Given Go to registration page "http://gmibank.com/account/register".........passed
And Type a valid SSN "876-62-9754"..........................................passed
And Type firstname "Sami Can"...............................................passed
And Type  lastname "Kacmaz".................................................passed
And Type address "Amsterdam/Hollanda".......................................passed
And Do not enter anything in  mobile phone number text box..................passed
And Type  username "Samiyolcu"..............................................passed
And Type email "samican@gmail.com"..........................................passed
And Type valid password "Sami.2525".........................................passed
And Type valid  password confirmation "Sami.2525"...........................passed
And Click register button...................................................passed
Then Verify the user register is not success................................passed
]]></system-out>
</testcase>
<testcase classname="US_002 Create Regester" name="TC_03 User should see the red box when don't typing last name" time="9.202">
<system-out><![CDATA[Given Go to registration page "http://gmibank.com/account/register".........passed
And Type a valid SSN "876-62-9755"..........................................passed
And Type firstname "Sami Eren"..............................................passed
And Do not enter anything in  last name text box............................passed
And Type address "Rotterdam-Netherland".....................................passed
And Type mobile phone number "444-666-7777".................................passed
And Type  username "Samizaman"..............................................passed
And Type email "samican@gmail.com"..........................................passed
And Type valid password "Sami.23"...........................................passed
And Type valid  password confirmation "Sami.23".............................passed
And Click register button...................................................passed
Then Verify the message "Your Last Name is required"........................passed
=======
<testsuite errors="0" failures="0" name="io.cucumber.core.plugin.JUnitFormatter" skipped="0" tests="1" time="11.917">
<testcase classname="US_014 Create Account" name="TC_06 User creates account successfully" time="11.581">
<system-out><![CDATA[Given Go to the sign in page................................................passed
And Type username and password than click on sign in button.................passed
And Click on My Operations dropdown menu....................................passed
And Click on Manage Accounts................................................passed
And Click on +Create a new Account..........................................passed
And Click on Descriptions text box and type some descriptions in the text box.passed
And Click on Balance text box and Type a balance in the text box............passed
And Select an account type as CHECKING, SAVING,CREDIT_CARD or INVESTING.....passed
And Select an account status type from the Account Status Type dropdown and verify.passed
And Click on the Create Date textbox and type the time of account creation..passed
And Click on the Closed Date textbox and type the time later than the time of account creation.passed
And Select an employee from the Employee dropdown and verify................passed
Then Click save button......................................................passed
>>>>>>> master
]]></system-out>
>>>>>>> master
=======
<testsuite errors="0" failures="0" name="io.cucumber.core.plugin.JUnitFormatter" skipped="4" tests="4" time="0.835">
<testcase classname="US_012_An Edit Customer data" name="TC_0010 The Edit portal can allow user to create or update the user &quot;Email address&quot;" time="0.151">
<skipped><![CDATA[Given Go to the sign in page................................................skipped
And Type username and password than click on sign in button.................skipped
And Click on My Operations dropdown menu....................................skipped
And click on Edit button....................................................undefined
And Customer's "Email address" is updated...................................undefined
And Click on Save button....................................................undefined
Then User should see “translation-not-found[gmiBankBackendApp.tPCustomer.updated]" massege.undefined
]]></skipped>
</testcase>
<testcase classname="US_012_An Edit Customer data" name="TC_0011 The Edit portal can allow user to create or update the user &quot;Mobil Phone Number&quot;" time="0.01">
<skipped><![CDATA[Given Go to the sign in page................................................skipped
And Type username and password than click on sign in button.................skipped
And Click on My Operations dropdown menu....................................skipped
And click on Edit button....................................................undefined
And Customer's "Mobil Phone Number" is updated..............................undefined
And Click on Save button....................................................undefined
Then User should see “translation-not-found[gmiBankBackendApp.tPCustomer.updated]" massege.undefined
]]></skipped>
</testcase>
<testcase classname="US_012_An Edit Customer data" name="TC_0012 The Edit portal can allow user to create or update the user &quot;Phone Number&quot;" time="0.012">
<skipped><![CDATA[Given Go to the sign in page................................................skipped
And Type username and password than click on sign in button.................skipped
And Click on My Operations dropdown menu....................................skipped
And click on Edit button....................................................undefined
And Customer's "Phone Number" is updated....................................undefined
And Click on Save button....................................................undefined
Then User should see “translation-not-found[gmiBankBackendApp.tPCustomer.updated]" massege.undefined
]]></skipped>
</testcase>
<testcase classname="US_012_An Edit Customer data" name="TC_0013 The Edit portal can allow user to create or update the user &quot;Address&quot;" time="0.012">
<skipped><![CDATA[Given Go to the sign in page................................................skipped
And Type username and password than click on sign in button.................skipped
And Click on My Operations dropdown menu....................................skipped
And click on Edit button....................................................undefined
And Customer's "Address" is updated.........................................undefined
And Click on Save button....................................................undefined
Then User should see “translation-not-found[gmiBankBackendApp.tPCustomer.updated]" massege.undefined
]]></skipped>
>>>>>>> Stashed changes
</testcase>
</testsuite>
